-------------------------------------------------------------------------------
Test set: com.project.microservice.currencyexchangeservice.CurrencyExchangeServiceApplicationTests
-------------------------------------------------------------------------------
Tests run: 1, Failures: 0, Errors: 1, Skipped: 0, Time elapsed: 2.656 s <<< FAILURE! - in com.project.microservice.currencyexchangeservice.CurrencyExchangeServiceApplicationTests
contextLoads  Time elapsed: 0.006 s  <<< ERROR!
java.lang.IllegalStateException: Failed to load ApplicationContext
Caused by: org.springframework.beans.factory.CannotLoadBeanClassException: Cannot find class [com.project.microservice.currencyexchangeservice.controller.CurrencyExchangeController] for bean with name 'currencyExchangeController' defined in file [C:\Users\matos.ax\Downloads\currency-exchange-service\target\classes\com\project\microservice\currencyexchangeservice\controller\CurrencyExchangeController.class]; nested exception is java.lang.ClassNotFoundException: com.project.microservice.currencyexchangeservice.controller.CurrencyExchangeController
Caused by: java.lang.ClassNotFoundException: com.project.microservice.currencyexchangeservice.controller.CurrencyExchangeController

